
Chromatic CLI v7.6.0
https://www.chromatic.com/docs/cli

Authenticating with Chromatic
    → Connecting to https://index.chromatic.com
Authenticated with Chromatic
    → Using project token '****************aeca'
Retrieving git information
Retrieved git information
    → Commit '79c11aa' on branch 'uiKitAngular'; no ancestor found
Collecting Storybook metadata
Collected Storybook metadata
    → Storybook 7.5.2 for Angular; using the @storybook/angular builder (7.5.2); supported addons found: Links, Essentials, Interactions
Initializing build
Initialized build
    → Build 1 initialized
Building your Storybook
    → Running command: npm run build-storybook -- --output-dir C:\Users\JAIDER~1.TOR\AppData\Local\Temp\chromatic--8244-qSQNyUYxD5sc
Storybook built in 1 minute 8 seconds
    → View build log at C:\Users\jaider.toro\Desktop\StorybookAngular\uiKitAngular\build-storybook.log
Publish your built Storybook
    → Validating Storybook files
Publishing your built Storybook
    → Retrieving target location
    → Starting publish
    → [                    ] 0%
    → [=                   ] 5%
    → [==                  ] 8%
    → [==                  ] 10%
    → [===                 ] 14%
    → [====                ] 21%
    → [=====               ] 27%
    → [=======             ] 37%
    → [========            ] 42%
    → [=========           ] 43%
    → [=========           ] 47%
    → [==========          ] 51%
    → [=============       ] 63%
    → [==============      ] 71%
    → [==============      ] 72%
    → [===============     ] 73%
    → [===============     ] 74%
    → [===============     ] 75%
    → [===============     ] 77%
    → [================    ] 78%
    → [================    ] 80%
    → [================    ] 81%
    → [================    ] 82%
    → [=================   ] 85%
    → [=================   ] 86%
    → [==================  ] 90%
    → [=================== ] 93%
    → [=================== ] 94%
    → [=================== ] 96%
    → [=================== ] 97%
    → [====================] 100%
Publish complete in 9 seconds
    → View your Storybook at https://6542b327a0072daefbb08a43-rchavrbdfh.chromatic.com
Verifying your Storybook
    → This may take a few minutes
Started build 1
    → Continue setup at https://www.chromatic.com/setup?appId=6542b327a0072daefbb08a43
Running 32 tests
    → This may take a few minutes
i Speed up Continuous Integration
Your project is linked to GitHub so Chromatic will report results there.
This means you can pass the --exit-once-uploaded flag to skip waiting for build results.
Read more here: https://www.chromatic.com/docs/cli#chromatic-options
    → [=                   ] 1/32  buttons › button 
    → [====                ] 6/32  checkbox › checkbox 
    → [=====               ] 8/32  chips › chips-stroked 
    → [=========           ] 15/32  form-field › formfield-autocomplete-panel-small 
    → [==========          ] 16/32  form-field › formfield-autocomplete-panel-medium 
    → [=============       ] 21/32  icons › icons 
    → [================    ] 25/32  rating › rating 
    → [=================   ] 27/32  slider › slider 
√ Build passed. Welcome to Chromatic!
We found 13 components with 32 stories and took 32 snapshots.
i Please continue setup at https://www.chromatic.com/setup?appId=6542b327a0072daefbb08a43
Build 1 auto-accepted
    → Tested 32 stories across 13 components; captured 32 snapshots in 19 seconds


