
> uikit@0.1.0 build-storybook
> storybook build --output-dir C:\Users\SEBAST~1.VER\AppData\Local\Temp\chromatic--29072-PZUNIgRPrAz2

@storybook/cli v7.4.6

info => Cleaning outputDir: C:\Users\SEBAST~1.VER\AppData\Local\Temp\chromatic--29072-PZUNIgRPrAz2
info => Loading presets
info => Building manager..
info => Manager built (588 ms)
info => Compiling preview..
info => Copying static files: C:\Users\sebastian.vera\Desktop\StorybookAngular-1\uikit\node_modules\@storybook\manager\static at C:\Users\SEBAST~1.VER\AppData\Local\Temp\chromatic--29072-PZUNIgRPrAz2\sb-common-assets
WARN No story files found for the specified pattern: src\**\*.mdx
info Addon-docs: using MDX2
info => Loading Webpack configuration from `node_modules\react-scripts`
info => Removing existing JavaScript and TypeScript rules.
info => Modifying Create React App rules.
info => Using default Webpack5 setup
<s> [webpack.Progress] 0% 

<s> [webpack.Progress] 1% setup before run
<s> [webpack.Progress] 1% setup before run NodeEnvironmentPlugin
<s> [webpack.Progress] 1% setup before run
<s> [webpack.Progress] 2% setup run
<s> [webpack.Progress] 2% setup run ForkTsCheckerWebpackPlugin
<s> [webpack.Progress] 2% setup run ESLintWebpackPlugin_1
<s> [webpack.Progress] 2% setup run
<s> [webpack.Progress] 4% setup normal module factory
<s> [webpack.Progress] 4% setup normal module factory CaseSensitivePathsPlugin
<s> [webpack.Progress] 4% setup normal module factory ModuleNotFoundPlugin
<s> [webpack.Progress] 4% setup normal module factory IgnorePlugin
<s> [webpack.Progress] 4% setup normal module factory
<s> [webpack.Progress] 5% setup context module factory
<s> [webpack.Progress] 5% setup context module factory IgnorePlugin
<s> [webpack.Progress] 5% setup context module factory
<s> [webpack.Progress] 6% setup before compile
<s> [webpack.Progress] 6% setup before compile ProgressPlugin
<s> [webpack.Progress] 6% setup before compile
<s> [webpack.Progress] 7% setup compile
<s> [webpack.Progress] 7% setup compile ExternalsPlugin
<s> [webpack.Progress] 7% setup compile ExternalsPlugin
<s> [webpack.Progress] 7% setup compile
<s> [webpack.Progress] 8% setup compilation
<s> [webpack.Progress] 8% setup compilation unplugin-csf
<s> [webpack.Progress] 8% setup compilation mini-css-extract-plugin
<s> [webpack.Progress] 8% setup compilation ArrayPushCallbackChunkFormatPlugin
<s> [webpack.Progress] 8% setup compilation JsonpChunkLoadingPlugin
<s> [webpack.Progress] 8% setup compilation StartupChunkDependenciesPlugin
<s> [webpack.Progress] 8% setup compilation ImportScriptsChunkLoadingPlugin
<s> [webpack.Progress] 8% setup compilation FetchCompileWasmPlugin
<s> [webpack.Progress] 8% setup compilation FetchCompileAsyncWasmPlugin
<s> [webpack.Progress] 8% setup compilation WorkerPlugin
<s> [webpack.Progress] 8% setup compilation SplitChunksPlugin
<s> [webpack.Progress] 8% setup compilation RuntimeChunkPlugin
<s> [webpack.Progress] 8% setup compilation ResolverCachePlugin
<s> [webpack.Progress] 8% setup compilation HtmlWebpackPlugin
<s> [webpack.Progress] 8% setup compilation
<s> [webpack.Progress] 9% setup compilation
<s> [webpack.Progress] 9% setup compilation DefinePlugin
<s> [webpack.Progress] 9% setup compilation ProvidePlugin
<s> [webpack.Progress] 9% setup compilation ProgressPlugin
<s> [webpack.Progress] 9% setup compilation InlineChunkHtmlPlugin
<s> [webpack.Progress] 9% setup compilation InterpolateHtmlPlugin
<s> [webpack.Progress] 9% setup compilation mini-css-extract-plugin
<s> [webpack.Progress] 9% setup compilation ForkTsCheckerWebpackPlugin
<s> [webpack.Progress] 9% setup compilation DocGenPlugin
<s> [webpack.Progress] 9% setup compilation ChunkPrefetchPreloadPlugin
<s> [webpack.Progress] 9% setup compilation SourceMapDevToolPlugin
<s> [webpack.Progress] 9% setup compilation JavascriptModulesPlugin
<s> [webpack.Progress] 9% setup compilation JsonModulesPlugin
<s> [webpack.Progress] 9% setup compilation AssetModulesPlugin
<s> [webpack.Progress] 9% setup compilation EntryPlugin
<s> [webpack.Progress] 9% setup compilation RuntimePlugin
<s> [webpack.Progress] 9% setup compilation InferAsyncModulesPlugin
<s> [webpack.Progress] 9% setup compilation DataUriPlugin
<s> [webpack.Progress] 9% setup compilation FileUriPlugin
<s> [webpack.Progress] 9% setup compilation CompatibilityPlugin
<s> [webpack.Progress] 9% setup compilation HarmonyModulesPlugin
<s> [webpack.Progress] 9% setup compilation AMDPlugin
<s> [webpack.Progress] 9% setup compilation RequireJsStuffPlugin
<s> [webpack.Progress] 9% setup compilation CommonJsPlugin
<s> [webpack.Progress] 9% setup compilation LoaderPlugin
<s> [webpack.Progress] 9% setup compilation LoaderPlugin
<s> [webpack.Progress] 9% setup compilation NodeStuffPlugin
<s> [webpack.Progress] 9% setup compilation APIPlugin
<s> [webpack.Progress] 9% setup compilation ExportsInfoApiPlugin
<s> [webpack.Progress] 9% setup compilation WebpackIsIncludedPlugin
<s> [webpack.Progress] 9% setup compilation ConstPlugin
<s> [webpack.Progress] 9% setup compilation UseStrictPlugin
<s> [webpack.Progress] 9% setup compilation RequireIncludePlugin
<s> [webpack.Progress] 9% setup compilation RequireEnsurePlugin
<s> [webpack.Progress] 9% setup compilation RequireContextPlugin
<s> [webpack.Progress] 9% setup compilation ImportPlugin
<s> [webpack.Progress] 9% setup compilation ImportMetaContextPlugin
<s> [webpack.Progress] 9% setup compilation SystemPlugin
<s> [webpack.Progress] 9% setup compilation ImportMetaPlugin
<s> [webpack.Progress] 9% setup compilation URLPlugin
<s> [webpack.Progress] 9% setup compilation DefaultStatsFactoryPlugin
<s> [webpack.Progress] 9% setup compilation DefaultStatsPresetPlugin
<s> [webpack.Progress] 9% setup compilation DefaultStatsPrinterPlugin
<s> [webpack.Progress] 9% setup compilation JavascriptMetaInfoPlugin
<s> [webpack.Progress] 9% setup compilation EnsureChunkConditionsPlugin
<s> [webpack.Progress] 9% setup compilation RemoveEmptyChunksPlugin
<s> [webpack.Progress] 9% setup compilation MergeDuplicateChunksPlugin
<s> [webpack.Progress] 9% setup compilation FlagIncludedChunksPlugin
<s> [webpack.Progress] 9% setup compilation SideEffectsFlagPlugin
<s> [webpack.Progress] 9% setup compilation FlagDependencyExportsPlugin
<s> [webpack.Progress] 9% setup compilation FlagDependencyUsagePlugin
<s> [webpack.Progress] 9% setup compilation InnerGraphPlugin
<s> [webpack.Progress] 9% setup compilation MangleExportsPlugin
<s> [webpack.Progress] 9% setup compilation ModuleConcatenationPlugin
<s> [webpack.Progress] 9% setup compilation NoEmitOnErrorsPlugin
<s> [webpack.Progress] 9% setup compilation RealContentHashPlugin
<s> [webpack.Progress] 9% setup compilation WasmFinalizeExportsPlugin
<s> [webpack.Progress] 9% setup compilation NamedModuleIdsPlugin
<s> [webpack.Progress] 9% setup compilation DeterministicChunkIdsPlugin
<s> [webpack.Progress] 9% setup compilation DefinePlugin
<s> [webpack.Progress] 9% setup compilation TerserPlugin
<s> [webpack.Progress] 9% setup compilation TemplatedPathPlugin
<s> [webpack.Progress] 9% setup compilation RecordIdsPlugin
<s> [webpack.Progress] 9% setup compilation WarnCaseSensitiveModulesPlugin
<s> [webpack.Progress] 9% setup compilation IgnoreWarningsPlugin
<s> [webpack.Progress] 9% setup compilation ESLintWebpackPlugin_1
<s> [webpack.Progress] 9% setup compilation
<s> [webpack.Progress] 10% building
<s> [webpack.Progress] 10% building 0/1 entries 0/0 dependencies 0/0 modules
<s> [webpack.Progress] 26% building 0/1 entries 11/17 dependencies 3/10 modules
<s> [webpack.Progress] 22% building import loader ./node_modules/babel-loader/lib/index.js
<s> [webpack.Progress] 22% building import loader ./node_modules/source-map-loader/dist/cjs.js
<s> [webpack.Progress] 22% building 0/1 entries 17/52 dependencies 4/17 modules
<s> [webpack.Progress] 20% building import loader ./node_modules/unplugin/dist/webpack/loaders/load.js
<s> [webpack.Progress] 20% building 0/1 entries 73/92 dependencies 9/48 modules
info => Copying static files: C:\Users\sebastian.vera\Desktop\StorybookAngular-1\uikit\public at C:\Users\SEBAST~1.VER\AppData\Local\Temp\chromatic--29072-PZUNIgRPrAz2\
<s> [webpack.Progress] 19% building 0/1 entries 97/120 dependencies 10/61 modules
<s> [webpack.Progress] 20% building 0/1 entries 200/323 dependencies 16/86 modules
<s> [webpack.Progress] 21% building import loader ./node_modules/mini-css-extract-plugin/dist/loader.js
<s> [webpack.Progress] 21% building import loader ./node_modules/css-loader/dist/cjs.js
<s> [webpack.Progress] 21% building import loader ./node_modules/postcss-loader/dist/cjs.js
<s> [webpack.Progress] 21% building 0/1 entries 281/323 dependencies 18/89 modules
<s> [webpack.Progress] 20% building 0/1 entries 324/342 dependencies 19/97 modules
<s> [webpack.Progress] 28% building 0/1 entries 333/400 dependencies 33/98 modules
<s> [webpack.Progress] 16% building 0/1 entries 552/622 dependencies 37/297 modules
<s> [webpack.Progress] 15% building 0/1 entries 765/793 dependencies 49/500 modules
<s> [webpack.Progress] 19% building 0/1 entries 899/913 dependencies 100/576 modules
<s> [webpack.Progress] 22% building 0/1 entries 1000/1058 dependencies 154/658 modules
<s> [webpack.Progress] 23% building 0/1 entries 1245/1400 dependencies 168/709 modules
<s> [webpack.Progress] 22% building 0/1 entries 1500/1781 dependencies 168/727 modules
<s> [webpack.Progress] 22% building 0/1 entries 1590/1900 dependencies 169/728 modules
<s> [webpack.Progress] 18% building 0/1 entries 2100/12412 dependencies 169/1047 modules
<s> [webpack.Progress] 15% building 0/1 entries 2700/12412 dependencies 169/1647 modules
<s> [webpack.Progress] 14% building 0/1 entries 3200/12412 dependencies 169/2147 modules
<s> [webpack.Progress] 13% building 0/1 entries 3452/12412 dependencies 169/2400 modules
<s> [webpack.Progress] 13% building 0/1 entries 3952/12412 dependencies 169/2900 modules
<s> [webpack.Progress] 12% building 0/1 entries 4500/12412 dependencies 169/3447 modules
<s> [webpack.Progress] 12% building 0/1 entries 4952/12412 dependencies 169/3900 modules
<s> [webpack.Progress] 12% building 0/1 entries 5500/12412 dependencies 169/4447 modules
<s> [webpack.Progress] 11% building 0/1 entries 6052/12412 dependencies 169/5000 modules
<s> [webpack.Progress] 11% building 0/1 entries 6552/12412 dependencies 169/5500 modules
<s> [webpack.Progress] 11% building 0/1 entries 7000/12412 dependencies 169/5947 modules
<s> [webpack.Progress] 11% building 0/1 entries 7400/12412 dependencies 169/6347 modules
<s> [webpack.Progress] 11% building 0/1 entries 8000/12412 dependencies 169/6947 modules
<s> [webpack.Progress] 11% building 0/1 entries 8552/12412 dependencies 169/7500 modules
<s> [webpack.Progress] 11% building 0/1 entries 9052/12412 dependencies 169/8000 modules
<s> [webpack.Progress] 11% building 0/1 entries 9552/12412 dependencies 169/8500 modules
<s> [webpack.Progress] 11% building 0/1 entries 10100/12412 dependencies 169/9047 modules
<s> [webpack.Progress] 10% building 0/1 entries 10652/12412 dependencies 169/9600 modules
<s> [webpack.Progress] 10% building 0/1 entries 11152/12412 dependencies 169/10100 modules
<s> [webpack.Progress] 10% building 0/1 entries 11652/12412 dependencies 169/10600 modules
<s> [webpack.Progress] 10% building 0/1 entries 12152/12412 dependencies 169/11100 modules
<s> [webpack.Progress] 10% building 0/1 entries 12500/12765 dependencies 180/11359 modules
<s> [webpack.Progress] 11% building 0/1 entries 12894/13000 dependencies 223/11422 modules
<s> [webpack.Progress] 11% building 0/1 entries 13272/13300 dependencies 248/11475 modules
<s> [webpack.Progress] 11% building 0/1 entries 13374/13700 dependencies 260/11476 modules
<s> [webpack.Progress] 11% building 0/1 entries 13760/13800 dependencies 311/11503 modules
<s> [webpack.Progress] 11% building 0/1 entries 14014/14100 dependencies 332/11567 modules
<s> [webpack.Progress] 11% building 0/1 entries 14533/14600 dependencies 400/11611 modules
<s> [webpack.Progress] 11% building 0/1 entries 15077/15100 dependencies 400/11617 modules
<s> [webpack.Progress] 11% building 0/1 entries 15600/15684 dependencies 400/11617 modules
<s> [webpack.Progress] 11% building 0/1 entries 16159/16200 dependencies 400/11617 modules
<s> [webpack.Progress] 11% building 0/1 entries 16600/16691 dependencies 400/11617 modules
<s> [webpack.Progress] 11% building 0/1 entries 17200/17259 dependencies 400/11617 modules
<s> [webpack.Progress] 11% building 0/1 entries 17851/17900 dependencies 400/11617 modules
<s> [webpack.Progress] 11% building 0/1 entries 18500/18537 dependencies 400/11617 modules
<s> [webpack.Progress] 11% building 0/1 entries 19100/19137 dependencies 400/11617 modules
<s> [webpack.Progress] 11% building 0/1 entries 19744/19800 dependencies 400/11617 modules
<s> [webpack.Progress] 11% building 0/1 entries 20377/20400 dependencies 400/11617 modules
<s> [webpack.Progress] 11% building 0/1 entries 21000/21056 dependencies 400/11617 modules
<s> [webpack.Progress] 11% building 0/1 entries 21623/21700 dependencies 400/11617 modules
<s> [webpack.Progress] 11% building 0/1 entries 22344/22400 dependencies 400/11617 modules
<s> [webpack.Progress] 11% building 0/1 entries 23100/23140 dependencies 400/11617 modules
<s> [webpack.Progress] 11% building 0/1 entries 23745/23800 dependencies 400/11617 modules
<s> [webpack.Progress] 11% building 0/1 entries 24746/24800 dependencies 400/11617 modules
<s> [webpack.Progress] 11% building 0/1 entries 25696/25700 dependencies 400/11617 modules
<s> [webpack.Progress] 11% building 0/1 entries 26544/26600 dependencies 400/11617 modules
<s> [webpack.Progress] 11% building 0/1 entries 27500/27543 dependencies 400/11617 modules
<s> [webpack.Progress] 11% building 0/1 entries 28300/28349 dependencies 400/11617 modules
<s> [webpack.Progress] 11% building 0/1 entries 29100/29150 dependencies 400/11617 modules
<s> [webpack.Progress] 11% building 0/1 entries 29952/30000 dependencies 400/11617 modules
<s> [webpack.Progress] 11% building 0/1 entries 30812/30900 dependencies 400/11617 modules
<s> [webpack.Progress] 11% building 0/1 entries 31800/31810 dependencies 400/11617 modules
<s> [webpack.Progress] 11% building 0/1 entries 32800/32811 dependencies 400/11617 modules
<s> [webpack.Progress] 11% building 0/1 entries 33700/33812 dependencies 400/11617 modules
<s> [webpack.Progress] 11% building 0/1 entries 34661/34700 dependencies 400/11617 modules
<s> [webpack.Progress] 12% building 0/1 entries 35416/35500 dependencies 452/11617 modules
<s> [webpack.Progress] 12% building 0/1 entries 35724/35800 dependencies 559/11699 modules
<s> [webpack.Progress] 12% building 0/1 entries 35792/35846 dependencies 589/11700 modules
<s> [webpack.Progress] 62% building 0/1 entries 36200/36257 dependencies 11338/11869 modules
<s> [webpack.Progress] 62% building 0/1 entries 36700/36754 dependencies 11449/11932 modules
<s> [webpack.Progress] 64% building 0/1 entries 37100/37148 dependencies 11880/12021 modules
<s> [webpack.Progress] 65% building 1/1 entries 37298/37298 dependencies 12079/12079 modules
<s> [webpack.Progress] 65% building
<s> [webpack.Progress] 69% building finish
<s> [webpack.Progress] 69% building finish
<s> [webpack.Progress] 70% sealing finish module graph
<s> [webpack.Progress] 70% sealing finish module graph ResolverCachePlugin
<s> [webpack.Progress] 70% sealing finish module graph InferAsyncModulesPlugin
<s> [webpack.Progress] 70% sealing finish module graph FlagDependencyExportsPlugin
<s> [webpack.Progress] 70% sealing finish module graph InnerGraphPlugin
<s> [webpack.Progress] 70% sealing finish module graph WasmFinalizeExportsPlugin
<s> [webpack.Progress] 70% sealing finish module graph ESLintWebpackPlugin_1
<s> [webpack.Progress] 70% sealing finish module graph
<s> [webpack.Progress] 70% sealing plugins
<s> [webpack.Progress] 70% sealing plugins DocGenPlugin
<s> [webpack.Progress] 70% sealing plugins WarnCaseSensitiveModulesPlugin
<s> [webpack.Progress] 70% sealing plugins
<s> [webpack.Progress] 71% sealing dependencies optimization
<s> [webpack.Progress] 71% sealing dependencies optimization SideEffectsFlagPlugin
<s> [webpack.Progress] 71% sealing dependencies optimization FlagDependencyUsagePlugin
<s> [webpack.Progress] 71% sealing dependencies optimization
<s> [webpack.Progress] 71% sealing after dependencies optimization
<s> [webpack.Progress] 71% sealing after dependencies optimization
<s> [webpack.Progress] 72% sealing chunk graph
<s> [webpack.Progress] 72% sealing chunk graph
<s> [webpack.Progress] 73% sealing after chunk graph
<s> [webpack.Progress] 73% sealing after chunk graph
<s> [webpack.Progress] 73% sealing optimizing
<s> [webpack.Progress] 73% sealing optimizing
<s> [webpack.Progress] 74% sealing module optimization
<s> [webpack.Progress] 74% sealing module optimization
<s> [webpack.Progress] 75% sealing after module optimization
<s> [webpack.Progress] 75% sealing after module optimization
<s> [webpack.Progress] 75% sealing chunk optimization
<s> [webpack.Progress] 75% sealing chunk optimization EnsureChunkConditionsPlugin
<s> [webpack.Progress] 75% sealing chunk optimization RemoveEmptyChunksPlugin
<s> [webpack.Progress] 75% sealing chunk optimization MergeDuplicateChunksPlugin
<s> [webpack.Progress] 75% sealing chunk optimization SplitChunksPlugin
<s> [webpack.Progress] 75% sealing chunk optimization RemoveEmptyChunksPlugin
<s> [webpack.Progress] 75% sealing chunk optimization
<s> [webpack.Progress] 76% sealing after chunk optimization
<s> [webpack.Progress] 76% sealing after chunk optimization
<s> [webpack.Progress] 77% sealing module and chunk tree optimization
<s> [webpack.Progress] 77% sealing module and chunk tree optimization PersistentChildCompilerSingletonPlugin
<s> [webpack.Progress] 77% sealing module and chunk tree optimization
<s> [webpack.Progress] 77% sealing after module and chunk tree optimization
<s> [webpack.Progress] 77% sealing after module and chunk tree optimization
<s> [webpack.Progress] 78% sealing chunk modules optimization
<s> [webpack.Progress] 78% sealing chunk modules optimization ModuleConcatenationPlugin
<s> [webpack.Progress] 78% sealing chunk modules optimization
<s> [webpack.Progress] 78% sealing after chunk modules optimization
<s> [webpack.Progress] 78% sealing after chunk modules optimization
<s> [webpack.Progress] 79% sealing module reviving
<s> [webpack.Progress] 79% sealing module reviving RecordIdsPlugin
<s> [webpack.Progress] 79% sealing module reviving
<s> [webpack.Progress] 80% sealing before module ids
<s> [webpack.Progress] 80% sealing before module ids
<s> [webpack.Progress] 80% sealing module ids
<s> [webpack.Progress] 80% sealing module ids NamedModuleIdsPlugin
<s> [webpack.Progress] 80% sealing module ids
<s> [webpack.Progress] 81% sealing module id optimization
<s> [webpack.Progress] 81% sealing module id optimization
<s> [webpack.Progress] 82% sealing module id optimization
<s> [webpack.Progress] 82% sealing module id optimization
<s> [webpack.Progress] 82% sealing chunk reviving
<s> [webpack.Progress] 82% sealing chunk reviving RecordIdsPlugin
<s> [webpack.Progress] 82% sealing chunk reviving
<s> [webpack.Progress] 83% sealing before chunk ids
<s> [webpack.Progress] 83% sealing before chunk ids
<s> [webpack.Progress] 84% sealing chunk ids
<s> [webpack.Progress] 84% sealing chunk ids DeterministicChunkIdsPlugin
<s> [webpack.Progress] 84% sealing chunk ids
<s> [webpack.Progress] 84% sealing chunk id optimization
<s> [webpack.Progress] 84% sealing chunk id optimization FlagIncludedChunksPlugin
<s> [webpack.Progress] 84% sealing chunk id optimization
<s> [webpack.Progress] 85% sealing after chunk id optimization
<s> [webpack.Progress] 85% sealing after chunk id optimization
<s> [webpack.Progress] 86% sealing record modules
<s> [webpack.Progress] 86% sealing record modules RecordIdsPlugin
<s> [webpack.Progress] 86% sealing record modules
<s> [webpack.Progress] 86% sealing record chunks
<s> [webpack.Progress] 86% sealing record chunks RecordIdsPlugin
<s> [webpack.Progress] 86% sealing record chunks
<s> [webpack.Progress] 87% sealing module hashing
<s> [webpack.Progress] 87% sealing module hashing
<s> [webpack.Progress] 87% sealing code generation
<s> [webpack.Progress] 87% sealing code generation
<s> [webpack.Progress] 88% sealing runtime requirements
<s> [webpack.Progress] 88% sealing runtime requirements
<s> [webpack.Progress] 89% sealing hashing
<s> [webpack.Progress] 89% sealing hashing
<s> [webpack.Progress] 89% sealing after hashing
<s> [webpack.Progress] 89% sealing after hashing
<s> [webpack.Progress] 90% sealing record hash
<s> [webpack.Progress] 90% sealing record hash
<s> [webpack.Progress] 91% sealing module assets processing
<s> [webpack.Progress] 91% sealing module assets processing
<s> [webpack.Progress] 91% sealing chunk assets processing
<s> [webpack.Progress] 91% sealing chunk assets processing
<s> [webpack.Progress] 92% sealing asset processing
<s> [webpack.Progress] 92% sealing asset processing ESLintWebpackPlugin_1
<s> [webpack.Progress] 92% sealing asset processing PersistentChildCompilerSingletonPlugin
<s> [webpack.Progress] 92% sealing asset processing TerserPlugin
<s> [webpack.Progress] 92% sealing asset processing SourceMapDevToolPlugin
<s> [webpack.Progress] 92% sealing asset processing SourceMapDevToolPlugin
<s> [webpack.Progress] 92% sealing asset processing SourceMapDevToolPlugin main.e3500b24.iframe.bundle.js generate SourceMap
<s> [webpack.Progress] 92% sealing asset processing SourceMapDevToolPlugin main.e3500b24.iframe.bundle.js generated SourceMap
<s> [webpack.Progress] 92% sealing asset processing SourceMapDevToolPlugin runtime~main.21b0e0bb.iframe.bundle.js generate SourceMap
<s> [webpack.Progress] 92% sealing asset processing SourceMapDevToolPlugin runtime~main.21b0e0bb.iframe.bundle.js generated SourceMap
<s> [webpack.Progress] 92% sealing asset processing SourceMapDevToolPlugin stories-avatar-stories.992528ea.iframe.bundle.js generate SourceMap
<s> [webpack.Progress] 92% sealing asset processing SourceMapDevToolPlugin stories-avatar-stories.992528ea.iframe.bundle.js generated SourceMap
<s> [webpack.Progress] 92% sealing asset processing SourceMapDevToolPlugin stories-button-stories.fc4e17af.iframe.bundle.js generate SourceMap
<s> [webpack.Progress] 92% sealing asset processing SourceMapDevToolPlugin stories-button-stories.fc4e17af.iframe.bundle.js generated SourceMap
<s> [webpack.Progress] 92% sealing asset processing SourceMapDevToolPlugin stories-buttonGroup-stories.bcae67be.iframe.bundle.js generate SourceMap
<s> [webpack.Progress] 92% sealing asset processing SourceMapDevToolPlugin stories-buttonGroup-stories.bcae67be.iframe.bundle.js generated SourceMap
<s> [webpack.Progress] 92% sealing asset processing SourceMapDevToolPlugin stories-buttonToggle-stories.0f4614b0.iframe.bundle.js generate SourceMap
<s> [webpack.Progress] 92% sealing asset processing SourceMapDevToolPlugin stories-buttonToggle-stories.0f4614b0.iframe.bundle.js generated SourceMap
<s> [webpack.Progress] 92% sealing asset processing SourceMapDevToolPlugin stories-checkbox-stories.5416df39.iframe.bundle.js generate SourceMap
<s> [webpack.Progress] 92% sealing asset processing SourceMapDevToolPlugin stories-checkbox-stories.5416df39.iframe.bundle.js generated SourceMap
<s> [webpack.Progress] 92% sealing asset processing SourceMapDevToolPlugin stories-chip-stories.e7186cff.iframe.bundle.js generate SourceMap
<s> [webpack.Progress] 92% sealing asset processing SourceMapDevToolPlugin stories-chip-stories.e7186cff.iframe.bundle.js generated SourceMap
<s> [webpack.Progress] 92% sealing asset processing SourceMapDevToolPlugin stories-fab-stories.c634e76c.iframe.bundle.js generate SourceMap
<s> [webpack.Progress] 92% sealing asset processing SourceMapDevToolPlugin stories-fab-stories.c634e76c.iframe.bundle.js generated SourceMap
<s> [webpack.Progress] 92% sealing asset processing SourceMapDevToolPlugin stories-icons-stories.0aca6f17.iframe.bundle.js generate SourceMap
<s> [webpack.Progress] 92% sealing asset processing SourceMapDevToolPlugin stories-icons-stories.0aca6f17.iframe.bundle.js generated SourceMap
<s> [webpack.Progress] 92% sealing asset processing SourceMapDevToolPlugin stories-menu-stories.096690ef.iframe.bundle.js generate SourceMap
<s> [webpack.Progress] 92% sealing asset processing SourceMapDevToolPlugin stories-menu-stories.096690ef.iframe.bundle.js generated SourceMap
<s> [webpack.Progress] 92% sealing asset processing SourceMapDevToolPlugin stories-pagination-stories.fe614589.iframe.bundle.js generate SourceMap
<s> [webpack.Progress] 92% sealing asset processing SourceMapDevToolPlugin stories-pagination-stories.fe614589.iframe.bundle.js generated SourceMap
<s> [webpack.Progress] 92% sealing asset processing SourceMapDevToolPlugin stories-radio-stories.edea5795.iframe.bundle.js generate SourceMap
<s> [webpack.Progress] 92% sealing asset processing SourceMapDevToolPlugin stories-radio-stories.edea5795.iframe.bundle.js generated SourceMap
<s> [webpack.Progress] 92% sealing asset processing SourceMapDevToolPlugin stories-ratign-stories.cb4a16cc.iframe.bundle.js generate SourceMap
<s> [webpack.Progress] 92% sealing asset processing SourceMapDevToolPlugin stories-ratign-stories.cb4a16cc.iframe.bundle.js generated SourceMap
<s> [webpack.Progress] 92% sealing asset processing SourceMapDevToolPlugin stories-select-stories.82e092d0.iframe.bundle.js generate SourceMap
<s> [webpack.Progress] 92% sealing asset processing SourceMapDevToolPlugin stories-select-stories.82e092d0.iframe.bundle.js generated SourceMap
<s> [webpack.Progress] 92% sealing asset processing SourceMapDevToolPlugin stories-slider-stories.7ae4bd6b.iframe.bundle.js generate SourceMap
<s> [webpack.Progress] 92% sealing asset processing SourceMapDevToolPlugin stories-slider-stories.7ae4bd6b.iframe.bundle.js generated SourceMap
<s> [webpack.Progress] 92% sealing asset processing SourceMapDevToolPlugin stories-switch-stories.939cb6ff.iframe.bundle.js generate SourceMap
<s> [webpack.Progress] 92% sealing asset processing SourceMapDevToolPlugin stories-switch-stories.939cb6ff.iframe.bundle.js generated SourceMap
<s> [webpack.Progress] 92% sealing asset processing SourceMapDevToolPlugin stories-table-stories.b09ee29d.iframe.bundle.js generate SourceMap
<s> [webpack.Progress] 92% sealing asset processing SourceMapDevToolPlugin stories-table-stories.b09ee29d.iframe.bundle.js generated SourceMap
<s> [webpack.Progress] 92% sealing asset processing SourceMapDevToolPlugin stories-textfield-stories.8e0efa04.iframe.bundle.js generate SourceMap
<s> [webpack.Progress] 92% sealing asset processing SourceMapDevToolPlugin stories-textfield-stories.8e0efa04.iframe.bundle.js generated SourceMap
<s> [webpack.Progress] 92% sealing asset processing SourceMapDevToolPlugin 563.2825d6d6.iframe.bundle.js generate SourceMap
<s> [webpack.Progress] 92% sealing asset processing SourceMapDevToolPlugin 563.2825d6d6.iframe.bundle.js generated SourceMap
<s> [webpack.Progress] 92% sealing asset processing SourceMapDevToolPlugin 341.4e082ced.iframe.bundle.js generate SourceMap
<s> [webpack.Progress] 92% sealing asset processing SourceMapDevToolPlugin 341.4e082ced.iframe.bundle.js generated SourceMap
<s> [webpack.Progress] 92% sealing asset processing SourceMapDevToolPlugin 729.54c3aea8.iframe.bundle.js generate SourceMap
<s> [webpack.Progress] 92% sealing asset processing SourceMapDevToolPlugin 729.54c3aea8.iframe.bundle.js generated SourceMap
<s> [webpack.Progress] 92% sealing asset processing SourceMapDevToolPlugin 970.d5346f32.iframe.bundle.js generate SourceMap
<s> [webpack.Progress] 92% sealing asset processing SourceMapDevToolPlugin 970.d5346f32.iframe.bundle.js generated SourceMap
<s> [webpack.Progress] 92% sealing asset processing SourceMapDevToolPlugin 426.2289889b.iframe.bundle.js generate SourceMap
<s> [webpack.Progress] 92% sealing asset processing SourceMapDevToolPlugin 426.2289889b.iframe.bundle.js generated SourceMap
<s> [webpack.Progress] 92% sealing asset processing SourceMapDevToolPlugin 950.e4e23050.iframe.bundle.js generate SourceMap
<s> [webpack.Progress] 92% sealing asset processing SourceMapDevToolPlugin 950.e4e23050.iframe.bundle.js generated SourceMap
<s> [webpack.Progress] 92% sealing asset processing SourceMapDevToolPlugin 332.a2d4992d.iframe.bundle.js generate SourceMap
<s> [webpack.Progress] 92% sealing asset processing SourceMapDevToolPlugin 332.a2d4992d.iframe.bundle.js generated SourceMap
<s> [webpack.Progress] 92% sealing asset processing SourceMapDevToolPlugin 202.d31d9919.iframe.bundle.js generate SourceMap
<s> [webpack.Progress] 92% sealing asset processing SourceMapDevToolPlugin 202.d31d9919.iframe.bundle.js generated SourceMap
<s> [webpack.Progress] 92% sealing asset processing SourceMapDevToolPlugin 285.e2d5fb8c.iframe.bundle.js generate SourceMap
<s> [webpack.Progress] 92% sealing asset processing SourceMapDevToolPlugin 285.e2d5fb8c.iframe.bundle.js generated SourceMap
<s> [webpack.Progress] 92% sealing asset processing SourceMapDevToolPlugin static/css/438.aca727a2.chunk.css generate SourceMap
<s> [webpack.Progress] 92% sealing asset processing SourceMapDevToolPlugin static/css/438.aca727a2.chunk.css generated SourceMap
<s> [webpack.Progress] 92% sealing asset processing SourceMapDevToolPlugin 562.8d3fecb5.iframe.bundle.js generate SourceMap
<s> [webpack.Progress] 92% sealing asset processing SourceMapDevToolPlugin 562.8d3fecb5.iframe.bundle.js generated SourceMap
<s> [webpack.Progress] 92% sealing asset processing SourceMapDevToolPlugin 835.eb22b2f3.iframe.bundle.js generate SourceMap
<s> [webpack.Progress] 92% sealing asset processing SourceMapDevToolPlugin 835.eb22b2f3.iframe.bundle.js generated SourceMap
<s> [webpack.Progress] 92% sealing asset processing SourceMapDevToolPlugin 525.513d271a.iframe.bundle.js generate SourceMap
<s> [webpack.Progress] 92% sealing asset processing SourceMapDevToolPlugin 525.513d271a.iframe.bundle.js generated SourceMap
<s> [webpack.Progress] 92% sealing asset processing SourceMapDevToolPlugin 342.da126552.iframe.bundle.js generate SourceMap
<s> [webpack.Progress] 92% sealing asset processing SourceMapDevToolPlugin 342.da126552.iframe.bundle.js generated SourceMap
<s> [webpack.Progress] 92% sealing asset processing SourceMapDevToolPlugin 570.e6d941b6.iframe.bundle.js generate SourceMap
<s> [webpack.Progress] 92% sealing asset processing SourceMapDevToolPlugin 570.e6d941b6.iframe.bundle.js generated SourceMap
<s> [webpack.Progress] 92% sealing asset processing SourceMapDevToolPlugin 245.75e1c54d.iframe.bundle.js generate SourceMap
<s> [webpack.Progress] 92% sealing asset processing SourceMapDevToolPlugin 245.75e1c54d.iframe.bundle.js generated SourceMap
<s> [webpack.Progress] 92% sealing asset processing SourceMapDevToolPlugin resolve sources
<s> [webpack.Progress] 92% sealing asset processing SourceMapDevToolPlugin 563.2825d6d6.iframe.bundle.js attach SourceMap
<s> [webpack.Progress] 92% sealing asset processing SourceMapDevToolPlugin 563.2825d6d6.iframe.bundle.js attached SourceMap
<s> [webpack.Progress] 92% sealing asset processing SourceMapDevToolPlugin 426.2289889b.iframe.bundle.js attach SourceMap
<s> [webpack.Progress] 92% sealing asset processing SourceMapDevToolPlugin 426.2289889b.iframe.bundle.js attached SourceMap
<s> [webpack.Progress] 92% sealing asset processing SourceMapDevToolPlugin 285.e2d5fb8c.iframe.bundle.js attach SourceMap
<s> [webpack.Progress] 92% sealing asset processing SourceMapDevToolPlugin 285.e2d5fb8c.iframe.bundle.js attached SourceMap
<s> [webpack.Progress] 92% sealing asset processing SourceMapDevToolPlugin static/css/438.aca727a2.chunk.css attach SourceMap
<s> [webpack.Progress] 92% sealing asset processing SourceMapDevToolPlugin static/css/438.aca727a2.chunk.css attached SourceMap
<s> [webpack.Progress] 92% sealing asset processing SourceMapDevToolPlugin 562.8d3fecb5.iframe.bundle.js attach SourceMap
<s> [webpack.Progress] 92% sealing asset processing SourceMapDevToolPlugin 562.8d3fecb5.iframe.bundle.js attached SourceMap
<s> [webpack.Progress] 92% sealing asset processing SourceMapDevToolPlugin 342.da126552.iframe.bundle.js attach SourceMap
<s> [webpack.Progress] 92% sealing asset processing SourceMapDevToolPlugin 342.da126552.iframe.bundle.js attached SourceMap
<s> [webpack.Progress] 92% sealing asset processing SourceMapDevToolPlugin
<s> [webpack.Progress] 92% sealing asset processing SourceMapDevToolPlugin
<s> [webpack.Progress] 92% sealing asset processing SourceMapDevToolPlugin resolve sources
<s> [webpack.Progress] 92% sealing asset processing SourceMapDevToolPlugin
<s> [webpack.Progress] 92% sealing asset processing HtmlWebpackPlugin
<s> [webpack.Progress] 92% sealing asset processing HtmlWebpackPlugin
<s> [webpack.Progress] 92% sealing asset processing HtmlWebpackPlugin resolve sources
<s> [webpack.Progress] 92% sealing asset processing HtmlWebpackPlugin
<s> [webpack.Progress] 92% sealing asset processing RealContentHashPlugin
<s> [webpack.Progress] 92% sealing asset processing RealContentHashPlugin
<s> [webpack.Progress] 92% sealing asset processing RealContentHashPlugin main.f5695a0c.iframe.bundle.js generate SourceMap
<s> [webpack.Progress] 92% sealing asset processing RealContentHashPlugin main.f5695a0c.iframe.bundle.js generated SourceMap
<s> [webpack.Progress] 92% sealing asset processing RealContentHashPlugin runtime~main.1cea3ff3.iframe.bundle.js generate SourceMap
<s> [webpack.Progress] 92% sealing asset processing RealContentHashPlugin runtime~main.1cea3ff3.iframe.bundle.js generated SourceMap
<s> [webpack.Progress] 92% sealing asset processing RealContentHashPlugin stories-avatar-stories.6be94143.iframe.bundle.js generate SourceMap
<s> [webpack.Progress] 92% sealing asset processing RealContentHashPlugin stories-avatar-stories.6be94143.iframe.bundle.js generated SourceMap
<s> [webpack.Progress] 92% sealing asset processing RealContentHashPlugin stories-button-stories.650f4131.iframe.bundle.js generate SourceMap
<s> [webpack.Progress] 92% sealing asset processing RealContentHashPlugin stories-button-stories.650f4131.iframe.bundle.js generated SourceMap
<s> [webpack.Progress] 92% sealing asset processing RealContentHashPlugin stories-buttonGroup-stories.437c5167.iframe.bundle.js generate SourceMap
<s> [webpack.Progress] 92% sealing asset processing RealContentHashPlugin stories-buttonGroup-stories.437c5167.iframe.bundle.js generated SourceMap
<s> [webpack.Progress] 92% sealing asset processing RealContentHashPlugin stories-checkbox-stories.d5fb8f90.iframe.bundle.js generate SourceMap
<s> [webpack.Progress] 92% sealing asset processing RealContentHashPlugin stories-checkbox-stories.d5fb8f90.iframe.bundle.js generated SourceMap
<s> [webpack.Progress] 92% sealing asset processing RealContentHashPlugin stories-chip-stories.3df8dd6a.iframe.bundle.js generate SourceMap
<s> [webpack.Progress] 92% sealing asset processing RealContentHashPlugin stories-chip-stories.3df8dd6a.iframe.bundle.js generated SourceMap
<s> [webpack.Progress] 92% sealing asset processing RealContentHashPlugin stories-fab-stories.718e5bfe.iframe.bundle.js generate SourceMap
<s> [webpack.Progress] 92% sealing asset processing RealContentHashPlugin stories-fab-stories.718e5bfe.iframe.bundle.js generated SourceMap
<s> [webpack.Progress] 92% sealing asset processing RealContentHashPlugin stories-icons-stories.421e87d8.iframe.bundle.js generate SourceMap
<s> [webpack.Progress] 92% sealing asset processing RealContentHashPlugin stories-icons-stories.421e87d8.iframe.bundle.js generated SourceMap
<s> [webpack.Progress] 92% sealing asset processing RealContentHashPlugin stories-menu-stories.039844e8.iframe.bundle.js generate SourceMap
<s> [webpack.Progress] 92% sealing asset processing RealContentHashPlugin stories-menu-stories.039844e8.iframe.bundle.js generated SourceMap
<s> [webpack.Progress] 92% sealing asset processing RealContentHashPlugin stories-pagination-stories.681ddbd5.iframe.bundle.js generate SourceMap
<s> [webpack.Progress] 92% sealing asset processing RealContentHashPlugin stories-pagination-stories.681ddbd5.iframe.bundle.js generated SourceMap
<s> [webpack.Progress] 92% sealing asset processing RealContentHashPlugin stories-radio-stories.d8ab7aa6.iframe.bundle.js generate SourceMap
<s> [webpack.Progress] 92% sealing asset processing RealContentHashPlugin stories-radio-stories.d8ab7aa6.iframe.bundle.js generated SourceMap
<s> [webpack.Progress] 92% sealing asset processing RealContentHashPlugin stories-ratign-stories.64bcf424.iframe.bundle.js generate SourceMap
<s> [webpack.Progress] 92% sealing asset processing RealContentHashPlugin stories-ratign-stories.64bcf424.iframe.bundle.js generated SourceMap
<s> [webpack.Progress] 92% sealing asset processing RealContentHashPlugin stories-select-stories.b3f099a3.iframe.bundle.js generate SourceMap
<s> [webpack.Progress] 92% sealing asset processing RealContentHashPlugin stories-select-stories.b3f099a3.iframe.bundle.js generated SourceMap
<s> [webpack.Progress] 92% sealing asset processing RealContentHashPlugin stories-slider-stories.edc8a37b.iframe.bundle.js generate SourceMap
<s> [webpack.Progress] 92% sealing asset processing RealContentHashPlugin stories-slider-stories.edc8a37b.iframe.bundle.js generated SourceMap
<s> [webpack.Progress] 92% sealing asset processing RealContentHashPlugin stories-switch-stories.87acd473.iframe.bundle.js generate SourceMap
<s> [webpack.Progress] 92% sealing asset processing RealContentHashPlugin stories-switch-stories.87acd473.iframe.bundle.js generated SourceMap
<s> [webpack.Progress] 92% sealing asset processing RealContentHashPlugin stories-table-stories.7990687c.iframe.bundle.js generate SourceMap
<s> [webpack.Progress] 92% sealing asset processing RealContentHashPlugin stories-table-stories.7990687c.iframe.bundle.js generated SourceMap
<s> [webpack.Progress] 92% sealing asset processing RealContentHashPlugin stories-textfield-stories.e55aaeff.iframe.bundle.js generate SourceMap
<s> [webpack.Progress] 92% sealing asset processing RealContentHashPlugin stories-textfield-stories.e55aaeff.iframe.bundle.js generated SourceMap
<s> [webpack.Progress] 92% sealing asset processing RealContentHashPlugin 341.1ad810bc.iframe.bundle.js generate SourceMap
<s> [webpack.Progress] 92% sealing asset processing RealContentHashPlugin 341.1ad810bc.iframe.bundle.js generated SourceMap
<s> [webpack.Progress] 92% sealing asset processing RealContentHashPlugin 729.da02a84a.iframe.bundle.js generate SourceMap
<s> [webpack.Progress] 92% sealing asset processing RealContentHashPlugin 729.da02a84a.iframe.bundle.js generated SourceMap
<s> [webpack.Progress] 92% sealing asset processing RealContentHashPlugin 970.494b5a2a.iframe.bundle.js generate SourceMap
<s> [webpack.Progress] 92% sealing asset processing RealContentHashPlugin 970.494b5a2a.iframe.bundle.js generated SourceMap
<s> [webpack.Progress] 92% sealing asset processing RealContentHashPlugin 950.47d3245b.iframe.bundle.js generate SourceMap
<s> [webpack.Progress] 92% sealing asset processing RealContentHashPlugin 950.47d3245b.iframe.bundle.js generated SourceMap
<s> [webpack.Progress] 92% sealing asset processing RealContentHashPlugin 332.4f8f0ca1.iframe.bundle.js generate SourceMap
<s> [webpack.Progress] 92% sealing asset processing RealContentHashPlugin 332.4f8f0ca1.iframe.bundle.js generated SourceMap
<s> [webpack.Progress] 92% sealing asset processing RealContentHashPlugin 202.79e26b62.iframe.bundle.js generate SourceMap
<s> [webpack.Progress] 92% sealing asset processing RealContentHashPlugin 202.79e26b62.iframe.bundle.js generated SourceMap
<s> [webpack.Progress] 92% sealing asset processing RealContentHashPlugin 525.0a398685.iframe.bundle.js generate SourceMap
<s> [webpack.Progress] 92% sealing asset processing RealContentHashPlugin 525.0a398685.iframe.bundle.js generated SourceMap
<s> [webpack.Progress] 92% sealing asset processing RealContentHashPlugin 570.1a3a6375.iframe.bundle.js generate SourceMap
<s> [webpack.Progress] 92% sealing asset processing RealContentHashPlugin 570.1a3a6375.iframe.bundle.js generated SourceMap
<s> [webpack.Progress] 92% sealing asset processing RealContentHashPlugin 245.20c670ae.iframe.bundle.js generate SourceMap
<s> [webpack.Progress] 92% sealing asset processing RealContentHashPlugin 245.20c670ae.iframe.bundle.js generated SourceMap
<s> [webpack.Progress] 92% sealing asset processing RealContentHashPlugin stories-buttonToggle-stories.3ddbaed9.iframe.bundle.js generate SourceMap
<s> [webpack.Progress] 92% sealing asset processing RealContentHashPlugin stories-buttonToggle-stories.3ddbaed9.iframe.bundle.js generated SourceMap
<s> [webpack.Progress] 92% sealing asset processing RealContentHashPlugin 835.75eda635.iframe.bundle.js generate SourceMap
<s> [webpack.Progress] 92% sealing asset processing RealContentHashPlugin 835.75eda635.iframe.bundle.js generated SourceMap
<s> [webpack.Progress] 92% sealing asset processing RealContentHashPlugin resolve sources
<s> [webpack.Progress] 92% sealing asset processing RealContentHashPlugin
<s> [webpack.Progress] 92% sealing asset processing
<s> [webpack.Progress] 93% sealing after asset optimization
<s> [webpack.Progress] 93% sealing after asset optimization
<s> [webpack.Progress] 93% sealing recording
<s> [webpack.Progress] 93% sealing recording
<s> [webpack.Progress] 94% sealing after seal
<s> [webpack.Progress] 94% sealing after seal
<s> [webpack.Progress] 95% emitting emit
<s> [webpack.Progress] 95% emitting emit
<s> [webpack.Progress] 98% emitting after emit
<s> [webpack.Progress] 98% emitting after emit SizeLimitsPlugin
<s> [webpack.Progress] 98% emitting after emit
<s> [webpack.Progress] 99% done plugins
<s> [webpack.Progress] 99% done plugins CaseSensitivePathsPlugin
<s> [webpack.Progress] 99% done plugins ForkTsCheckerWebpackPlugin
<s> [webpack.Progress] 99% done plugins
<s> [webpack.Progress] 99% 

<s> [webpack.Progress] 99% cache store build dependencies
<s> [webpack.Progress] 99% cache store build dependencies
<s> [webpack.Progress] 99% cache begin idle
<s> [webpack.Progress] 99% cache begin idle
<s> [webpack.Progress] 100% 

info => Preview built (1.62 min)
WARN [eslint] 
WARN src\stories\avatar.stories.tsx
WARN   Line 2:18:   'Radio' is defined but never used                 @typescript-eslint/no-unused-vars
WARN   Line 32:14:  The story should use PascalCase notation: button  storybook/prefer-pascal-case
WARN 
WARN src\stories\button.stories.tsx
WARN   Line 33:14:  The story should use PascalCase notation: button          storybook/prefer-pascal-case
WARN   Line 49:14:  The story should use PascalCase notation: buttonWhitIcon  storybook/prefer-pascal-case
WARN 
WARN src\stories\buttonGroup.stories.tsx
WARN   Line 32:14:  The story should use PascalCase notation: button  storybook/prefer-pascal-case
WARN 
WARN src\stories\buttonToggle.stories.tsx
WARN   Line 12:10:  'useState' is defined but never used              @typescript-eslint/no-unused-vars
WARN   Line 84:14:  The story should use PascalCase notation: ratign  storybook/prefer-pascal-case
WARN 
WARN src\stories\checkbox.stories.tsx
WARN   Line 33:14:  The story should use PascalCase notation: button  storybook/prefer-pascal-case
WARN 
WARN src\stories\chip.stories.tsx
WARN   Line 32:14:  The story should use PascalCase notation: button  storybook/prefer-pascal-case
WARN 
WARN src\stories\fab.stories.tsx
WARN   Line 33:7:   'label' is assigned a value but never used        @typescript-eslint/no-unused-vars
WARN   Line 35:14:  The story should use PascalCase notation: fab     storybook/prefer-pascal-case
WARN   Line 56:14:  The story should use PascalCase notation: button  storybook/prefer-pascal-case
WARN 
WARN src\stories\icons.stories.tsx
WARN   Line 33:14:  The story should use PascalCase notation: button  storybook/prefer-pascal-case
WARN 
WARN src\stories\menu.stories.tsx
WARN   Line 32:7:   'label' is assigned a value but never used        @typescript-eslint/no-unused-vars
WARN   Line 34:14:  The story should use PascalCase notation: button  storybook/prefer-pascal-case
WARN 
WARN src\stories\pagination.stories.tsx
WARN   Line 32:14:  The story should use PascalCase notation: button  storybook/prefer-pascal-case
WARN 
WARN src\stories\radio.stories.tsx
WARN   Line 32:14:  The story should use PascalCase notation: button  storybook/prefer-pascal-case
WARN 
WARN src\stories\ratign.stories.tsx
WARN   Line 24:17:  'setValue' is assigned a value but never used     @typescript-eslint/no-unused-vars
WARN   Line 34:14:  The story should use PascalCase notation: ratign  storybook/prefer-pascal-case
WARN 
WARN src\stories\select.stories.tsx
WARN   Line 7:3:    'SelectChangeEvent' is defined but never used     @typescript-eslint/no-unused-vars
WARN   Line 19:10:  'useState' is defined but never used              @typescript-eslint/no-unused-vars
WARN   Line 40:14:  The story should use PascalCase notation: button  storybook/prefer-pascal-case
WARN 
WARN src\stories\slider.stories.tsx
WARN   Line 32:14:  The story should use PascalCase notation: button  storybook/prefer-pascal-case
WARN 
WARN src\stories\switch.stories.tsx
WARN   Line 33:14:  The story should use PascalCase notation: button  storybook/prefer-pascal-case
WARN 
WARN src\stories\table.stories.tsx
WARN   Line 57:14:  The story should use PascalCase notation: tables  storybook/prefer-pascal-case
WARN   Line 93:14:  The story should use PascalCase notation: table   storybook/prefer-pascal-case
WARN 
WARN src\stories\textfield.stories.tsx
WARN   Line 32:14:  The story should use PascalCase notation: primary    storybook/prefer-pascal-case
WARN   Line 41:14:  The story should use PascalCase notation: secondary  storybook/prefer-pascal-case
WARN   Line 51:14:  The story should use PascalCase notation: tercero    storybook/prefer-pascal-case
WARN 
WARN 
WARN asset size limit: The following asset(s) exceed the recommended size limit (244 KiB).
WARN This can impact web performance.
WARN Assets: 
WARN   563.d78e1c92.iframe.bundle.js (695 KiB)
WARN   426.8bd7c413.iframe.bundle.js (583 KiB)
WARN   285.43a33804.iframe.bundle.js (390 KiB)
WARN   342.835b4217.iframe.bundle.js (870 KiB)
WARN entrypoint size limit: The following entrypoint(s) combined asset size exceeds the recommended limit (244 KiB). This can impact web performance.
WARN Entrypoints:
WARN   main (888 KiB)
WARN       runtime~main.1cea3ff3.iframe.bundle.js
WARN       342.835b4217.iframe.bundle.js
WARN       main.f5695a0c.iframe.bundle.js
WARN 
<s> [webpack.Progress] 99% cache shutdown
<s> [webpack.Progress] 99% cache shutdown
<s> [webpack.Progress] 100% 

info => Output directory: C:\Users\SEBAST~1.VER\AppData\Local\Temp\chromatic--29072-PZUNIgRPrAz2
